"2022-08-01 09:23:44 [restartedMain] INFO  c.c.d.DailyMutualFundNavApplication - Starting DailyMutualFundNavApplication using Java 17.0.3 on HP with PID 18172 (C:\Users\yuvati\Desktop\Portfolio project\DailyMutualFundNAV\target\classes started by yuvati in C:\Users\yuvati\Desktop\Portfolio project\DailyMutualFundNAV)
""2022-08-01 09:23:44 [restartedMain] INFO  c.c.d.DailyMutualFundNavApplication - No active profile set, falling back to 1 default profile: "default"
""2022-08-01 09:23:44 [restartedMain] INFO  o.s.b.d.e.DevToolsPropertyDefaultsPostProcessor - Devtools property defaults active! Set 'spring.devtools.add-properties' to 'false' to disable
""2022-08-01 09:23:44 [restartedMain] INFO  o.s.b.d.e.DevToolsPropertyDefaultsPostProcessor - For additional web related logging consider setting the 'logging.level.web' property to 'DEBUG'
""2022-08-01 09:23:45 [restartedMain] INFO  o.s.d.r.c.RepositoryConfigurationDelegate - Bootstrapping Spring Data JPA repositories in DEFAULT mode.
""2022-08-01 09:23:45 [restartedMain] INFO  o.s.d.r.c.RepositoryConfigurationDelegate - Finished Spring Data repository scanning in 43 ms. Found 1 JPA repository interfaces.
""2022-08-01 09:23:45 [restartedMain] INFO  o.s.cloud.context.scope.GenericScope - BeanFactory id=86d547e8-d495-34ed-9e55-abc5835f1338
""2022-08-01 09:23:46 [restartedMain] INFO  o.s.b.w.e.tomcat.TomcatWebServer - Tomcat initialized with port(s): 8083 (http)
""2022-08-01 09:23:46 [restartedMain] INFO  o.a.catalina.core.StandardService - Starting service [Tomcat]
""2022-08-01 09:23:46 [restartedMain] INFO  o.a.catalina.core.StandardEngine - Starting Servlet engine: [Apache Tomcat/9.0.58]
""2022-08-01 09:23:46 [restartedMain] INFO  o.a.c.c.C.[Tomcat].[localhost].[/] - Initializing Spring embedded WebApplicationContext
""2022-08-01 09:23:46 [restartedMain] INFO  o.s.b.w.s.c.ServletWebServerApplicationContext - Root WebApplicationContext: initialization completed in 2466 ms
""2022-08-01 09:23:46 [restartedMain] INFO  com.zaxxer.hikari.HikariDataSource - HikariPool-1 - Starting...
""2022-08-01 09:23:46 [restartedMain] INFO  com.zaxxer.hikari.HikariDataSource - HikariPool-1 - Start completed.
""2022-08-01 09:23:46 [restartedMain] INFO  o.s.b.a.h.H2ConsoleAutoConfiguration - H2 console available at '/h2-console'. Database available at 'jdbc:h2:mem:pms'
""2022-08-01 09:23:47 [restartedMain] INFO  o.h.jpa.internal.util.LogHelper - HHH000204: Processing PersistenceUnitInfo [name: default]
""2022-08-01 09:23:47 [restartedMain] INFO  org.hibernate.Version - HHH000412: Hibernate ORM core version 5.6.5.Final
""2022-08-01 09:23:47 [restartedMain] INFO  o.h.annotations.common.Version - HCANN000001: Hibernate Commons Annotations {5.1.2.Final}
""2022-08-01 09:23:47 [restartedMain] INFO  org.hibernate.dialect.Dialect - HHH000400: Using dialect: org.hibernate.dialect.H2Dialect
""2022-08-01 09:23:48 [restartedMain] INFO  o.h.e.t.j.p.i.JtaPlatformInitiator - HHH000490: Using JtaPlatform implementation: [org.hibernate.engine.transaction.jta.platform.internal.NoJtaPlatform]
""2022-08-01 09:23:48 [restartedMain] INFO  o.s.o.j.LocalContainerEntityManagerFactoryBean - Initialized JPA EntityManagerFactory for persistence unit 'default'
""2022-08-01 09:23:49 [restartedMain] WARN  o.s.b.a.o.j.JpaBaseConfiguration$JpaWebConfiguration - spring.jpa.open-in-view is enabled by default. Therefore, database queries may be performed during view rendering. Explicitly configure spring.jpa.open-in-view to disable this warning
""2022-08-01 09:23:49 [restartedMain] WARN  o.s.b.d.a.OptionalLiveReloadServer - Unable to start LiveReload server
""2022-08-01 09:23:50 [restartedMain] INFO  o.s.b.w.e.tomcat.TomcatWebServer - Tomcat started on port(s): 8083 (http) with context path ''
""2022-08-01 09:23:51 [restartedMain] INFO  c.c.d.DailyMutualFundNavApplication - Started DailyMutualFundNavApplication in 8.046 seconds (JVM running for 9.435)
""2022-08-01 09:57:04 [http-nio-8083-exec-1] INFO  o.a.c.c.C.[Tomcat].[localhost].[/] - Initializing Spring DispatcherServlet 'dispatcherServlet'
""2022-08-01 09:57:04 [http-nio-8083-exec-1] INFO  o.s.web.servlet.DispatcherServlet - Initializing Servlet 'dispatcherServlet'
""2022-08-01 09:57:04 [http-nio-8083-exec-1] INFO  o.s.web.servlet.DispatcherServlet - Completed initialization in 42 ms
""2022-08-01 09:57:05 [http-nio-8083-exec-3] INFO  c.c.d.c.MutualFundController - Fetching MutualFund using MutualName
""2022-08-01 09:57:05 [http-nio-8083-exec-4] INFO  c.c.d.c.MutualFundController - Fetching MutualFund using MutualName
""2022-08-01 09:57:10 [http-nio-8083-exec-8] INFO  c.c.d.c.MutualFundController - Fetching MutualFund using MutualName
""2022-08-01 09:57:10 [http-nio-8083-exec-7] INFO  c.c.d.c.MutualFundController - Fetching MutualFund using MutualName
""2022-08-01 09:57:11 [http-nio-8083-exec-9] INFO  c.c.d.c.MutualFundController - Fetching MutualFund using MutualName
""2022-08-01 09:57:11 [http-nio-8083-exec-10] INFO  c.c.d.c.MutualFundController - Fetching MutualFund using MutualName
""2022-08-01 09:57:53 [http-nio-8083-exec-8] INFO  c.c.d.c.MutualFundController - Fetching MutualFund using MutualName
""2022-08-01 09:57:53 [http-nio-8083-exec-5] INFO  c.c.d.c.MutualFundController - Fetching MutualFund using MutualName
""2022-08-01 09:57:53 [http-nio-8083-exec-7] INFO  c.c.d.c.MutualFundController - Fetching MutualFund using MutualName
""2022-08-01 09:57:53 [http-nio-8083-exec-9] INFO  c.c.d.c.MutualFundController - Fetching MutualFund using MutualName
""2022-08-01 09:57:59 [http-nio-8083-exec-3] INFO  c.c.d.c.MutualFundController - Fetching MutualFund using MutualName
""2022-08-01 09:57:59 [http-nio-8083-exec-1] INFO  c.c.d.c.MutualFundController - Fetching MutualFund using MutualName
""2022-08-01 10:11:18 [http-nio-8083-exec-9] INFO  c.c.d.c.MutualFundController - Fetching MutualFund using MutualName
""2022-08-01 10:11:18 [http-nio-8083-exec-10] INFO  c.c.d.c.MutualFundController - Fetching MutualFund using MutualName
""2022-08-01 10:11:18 [http-nio-8083-exec-2] INFO  c.c.d.c.MutualFundController - Fetching MutualFund using MutualName
""2022-08-01 10:11:18 [http-nio-8083-exec-3] INFO  c.c.d.c.MutualFundController - Fetching MutualFund using MutualName
""2022-08-01 14:31:58 [RMI TCP Connection(316)-127.0.0.1] INFO  o.s.b.a.SpringApplicationAdminMXBeanRegistrar$SpringApplicationAdmin - Application shutdown requested.
""2022-08-01 14:31:58 [RMI TCP Connection(316)-127.0.0.1] INFO  o.s.o.j.LocalContainerEntityManagerFactoryBean - Closing JPA EntityManagerFactory for persistence unit 'default'
""2022-08-01 14:31:58 [RMI TCP Connection(316)-127.0.0.1] WARN  o.s.b.f.s.DisposableBeanAdapter - Invocation of destroy method failed on bean with name 'inMemoryDatabaseShutdownExecutor': org.h2.jdbc.JdbcSQLNonTransientConnectionException: Database is already closed (to disable automatic closing at VM shutdown, add ";DB_CLOSE_ON_EXIT=FALSE" to the db URL) [90121-200]
""2022-08-01 14:31:58 [RMI TCP Connection(316)-127.0.0.1] INFO  com.zaxxer.hikari.HikariDataSource - HikariPool-1 - Shutdown initiated...
""2022-08-01 14:31:58 [RMI TCP Connection(316)-127.0.0.1] INFO  com.zaxxer.hikari.HikariDataSource - HikariPool-1 - Shutdown completed.
"